<?xml version="1.0" encoding="UTF-8"?>
<testsuite name="CalculadoraTest" tests="4" skipped="0" failures="0" errors="0" timestamp="2021-06-10T05:42:07" hostname="pedrosagredof-VirtualBox" time="0.039">
  <properties/>
  <testcase name="testAdd()" classname="CalculadoraTest" time="0.029"/>
  <testcase name="testDiv()" classname="CalculadoraTest" time="0.002"/>
  <testcase name="testMul()" classname="CalculadoraTest" time="0.002"/>
  <testcase name="testRes()" classname="CalculadoraTest" time="0.002"/>
  <system-out><![CDATA[]]></system-out>
  <system-err><![CDATA[]]></system-err>
</testsuite>
